
[1mâ•â•â•â•â•â•â•â•â•â•â•â•â•â•â•â•â•â•â•â•â•â•â•â•â•â•â•â•â•â•â•â•â•â•â•â•â•â•â•â•â•â•â•â•â•â•â•â•â•â•â•â•â•â•â•â•â•â•â•â•[0m
[1m  Schema Package Refactoring (Interactive)[0m
[1mâ•â•â•â•â•â•â•â•â•â•â•â•â•â•â•â•â•â•â•â•â•â•â•â•â•â•â•â•â•â•â•â•â•â•â•â•â•â•â•â•â•â•â•â•â•â•â•â•â•â•â•â•â•â•â•â•â•â•â•â•[0m

[0;34m[INFO][0m Checking prerequisites...
[1;33m[WARN][0m Could not detect condition package import path
[0;32m[SUCCESS][0m Prerequisites OK
[0;34m[INFO][0m Resuming from task: T1.1
[0;35m[TASK][0m Executing T1.1: Create types.go (common types)
[0;34m[INFO][0m Creating consolidated types.go...
[1;33m[WARN][0m Build failed, attempting fixes...
[0;34m[INFO][0m Build attempt 1/5...
[0;31m[ERROR][0m Build failed but couldn't extract errors
[0;31m[ERROR][0m Task T1.1 failed
[0;31m[ERROR][0m Stopping at failed task: T1.1

[1mâ•â•â•â•â•â•â•â•â•â•â•â•â•â•â•â•â•â•â•â•â•â•â•â•â•â•â•â•â•â•â•â•â•â•â•â•â•â•â•â•â•â•â•â•â•â•â•â•â•â•â•â•â•â•â•â•â•â•â•â•[0m
[1m  Schema Package Refactoring (Automatic)[0m
[1mâ•â•â•â•â•â•â•â•â•â•â•â•â•â•â•â•â•â•â•â•â•â•â•â•â•â•â•â•â•â•â•â•â•â•â•â•â•â•â•â•â•â•â•â•â•â•â•â•â•â•â•â•â•â•â•â•â•â•â•â•[0m

[0;34m[INFO][0m Checking prerequisites...
[1;33m[WARN][0m Could not detect condition package import path
[0;32m[SUCCESS][0m Prerequisites OK
[0;34m[INFO][0m Creating backup: ./schema_backup_20251126_205537
[0;32m[SUCCESS][0m Backup created
[0;35m[TASK][0m Executing T1.1: Create types.go (common types)
[0;34m[INFO][0m Creating consolidated types.go...
[0;32m[SUCCESS][0m Task T1.1 completed
[0;35m[TASK][0m Executing T1.2: Create interface.go (all interfaces)
[0;34m[INFO][0m Creating consolidated interface.go...
[0;32m[SUCCESS][0m Task T1.2 completed
[0;35m[TASK][0m Executing T1.3: Create conditional.go (unified Conditional)
[0;34m[INFO][0m Creating unified conditional.go...
[0;32m[SUCCESS][0m Task T1.3 completed
[0;35m[TASK][0m Executing T1.4: Create style.go (unified Style)
[0;34m[INFO][0m Creating unified style.go...
[0;32m[SUCCESS][0m Task T1.4 completed
[0;35m[TASK][0m Executing T1.5: Create event.go (unified Event types)
[0;34m[INFO][0m Creating unified event.go...
[0;32m[SUCCESS][0m Task T1.5 completed
[0;35m[TASK][0m Executing T1.6: Create behavior.go (request behavior)
[0;34m[INFO][0m Creating behavior.go...
[0;32m[SUCCESS][0m Task T1.6 completed
[0;35m[TASK][0m Executing T1.7: Create binding.go (reactive bindings)
[0;34m[INFO][0m Creating binding.go...
[0;32m[SUCCESS][0m Task T1.7 completed
[0;35m[TASK][0m Executing T1.8: Create errors.go (error types)
[0;34m[INFO][0m Creating unified errors.go...
